app/build/outputs/mapping/release/seeds.txt
com.skytek.live.wallpapers.Just3D.data.Catalog: int SORT_BY_POPULARITY
com.skytek.live.wallpapers.Just3D.data.Catalog$3: com.skytek.live.wallpapers.Just3D.data.Catalog this$0
com.skytek.live.wallpapers.Just3D.data.CatalogItem: void setSize(java.lang.String)
com.skytek.live.wallpapers.VideoLiveWallpaperoffline: VideoLiveWallpaperoffline()
com.skytek.live.wallpapers.Search: Search()
com.skytek.live.wallpapers.categorythumnail: categorythumnail()
com.skytek.live.wallpapers.MainLauncher: MainLauncher()
com.skytek.live.wallpapers.Just3D.data.CatalogItem: void setId(java.lang.String)
com.skytek.live.wallpapers.AppOpenManager
com.skytek.live.wallpapers.Just3D.data.Catalog$1
com.skytek.live.wallpapers.Just3D.data.BuildConfig: int VERSION_CODE
com.skytek.live.wallpapers.Just3D.data.CatalogItem: java.lang.String getDownloads()
com.skytek.live.wallpapers.Just3D.data.Catalog: boolean loadFromCache(android.content.Context)
com.skytek.live.wallpapers.Just3D.data.CatalogItem$1: java.lang.Object[] newArray(int)
com.skytek.live.wallpapers.Just3D.data.Catalog: java.util.Comparator comparatorByTitle
com.skytek.live.wallpapers.Just3D.data.Catalog$2: Catalog$2(com.skytek.live.wallpapers.Just3D.data.Catalog)
com.skytek.live.wallpapers.Just3D.data.CatalogItem$1: java.lang.Object createFromParcel(android.os.Parcel)
com.skytek.live.wallpapers.Just3D.data.CatalogItem: java.lang.String author
com.skytek.live.wallpapers.Fragments.Home: Home()
com.skytek.live.wallpapers.MyApplication
com.skytek.live.wallpapers.Just3D.data.CatalogItem: java.lang.String getSize()
com.skytek.live.wallpapers.Just3D.data.Catalog
com.skytek.live.wallpapers.VideoLiveWallpaperoffline
com.skytek.live.wallpapers.Just3D.data.Catalog: void sort(int)
com.skytek.live.wallpapers.Search
com.skytek.live.wallpapers.Just3D.data.Catalog$3
com.skytek.live.wallpapers.Just3D.data.Catalog: int currentSortMode
com.skytek.live.wallpapers.GLWallpaperService
com.skytek.live.wallpapers.Just3D.data.BuildConfig
com.skytek.live.wallpapers.exitScreen
com.skytek.live.wallpapers.Just3D.data.Catalog$2: int compare(com.skytek.live.wallpapers.Just3D.data.CatalogItem,com.skytek.live.wallpapers.Just3D.data.CatalogItem)
com.skytek.live.wallpapers.Just3D.components.SquareVideoView: SquareVideoView(android.content.Context,android.util.AttributeSet)
com.skytek.live.wallpapers.Just3D.components.InfoView
com.skytek.live.wallpapers.Just3D.SettingsActivity: SettingsActivity()
com.skytek.live.wallpapers.Just3D.data.BuildConfig: BuildConfig()
com.skytek.live.wallpapers.Just3D.data.CatalogItem: java.lang.String size
com.skytek.live.wallpapers.Just3D.data.CatalogItem: int describeContents()
com.skytek.live.wallpapers.Just3D.data.Catalog$1: Catalog$1(com.skytek.live.wallpapers.Just3D.data.Catalog)
com.skytek.live.wallpapers.Just3D.data.CatalogItem: CatalogItem(android.os.Parcel,com.skytek.live.wallpapers.Just3D.data.CatalogItem$1)
com.skytek.live.wallpapers.Just3D.data.Catalog: Catalog()
com.skytek.live.wallpapers.Just3D.wallpaper.MyWallpaperService
com.skytek.live.wallpapers.Just3D.data.CatalogItem: java.lang.String site
com.skytek.live.wallpapers.Just3D.components.MySwipeRefreshLayout: void setSwipeableChildren(int[])
com.skytek.live.wallpapers.Just3D.components.SquareVideoView
com.skytek.live.wallpapers.Just3D.data.CatalogItem: boolean test
com.skytek.live.wallpapers.Just3D.data.Catalog$3: int compare(com.skytek.live.wallpapers.Just3D.data.CatalogItem,com.skytek.live.wallpapers.Just3D.data.CatalogItem)
com.skytek.live.wallpapers.Just3D.SetActivity: SetActivity()
com.skytek.live.wallpapers.Just3D.data.BuildConfig: java.lang.String APPLICATION_ID
com.skytek.live.wallpapers.Just3D.data.CatalogItem: java.lang.String id
com.skytek.live.wallpapers.Just3D.data.CatalogItem: java.lang.String getId()
com.skytek.live.wallpapers.AppOpenManager: void onStart()
com.skytek.live.wallpapers.Just3D.data.CatalogItem: java.lang.String getLikes()
com.skytek.live.wallpapers.Fragments.Categories: Categories()
...
com.karumi.dexter.R$style: int Platform_ThemeOverlay_AppCompat_Dark
com.facebook.ads.internal.settings.AdInternalSettings: java.lang.String BOOL_AUTOPLAY_ON_MOBILE_KEY
com.google.android.gms.internal.ads.zzyu
com.facebook.ads.AudienceNetworkContentProvider: int delete(android.net.Uri,java.lang.String,java.lang.String[])
androidx.appcompat.widget.Toolbar: void setTitleTextColor(android.content.res.ColorStateList)
com.karumi.dexter.DexterActivity: void onNewIntent(android.content.Intent)
androidx.appcompat.widget.AppCompatButton: int getAutoSizeMinTextSize()
com.karumi.dexter.R$styleable: int AppCompatSeekBar_tickMarkTintMode
com.karumi.dexter.R$id: int search_src_text
com.karumi.dexter.R$attr: int windowFixedHeightMinor
com.karumi.dexter.R$dimen: int design_snackbar_elevation
androidx.core.graphics.drawable.IconCompat$Api23Impl: android.net.Uri getUri(java.lang.Object)
com.google.android.gms.internal.ads.zzyz: java.lang.String zzay
com.karumi.dexter.R$dimen: int tooltip_precise_anchor_threshold
com.karumi.dexter.R$styleable: int TabLayout_tabIndicatorGravity
com.karumi.dexter.R$string: int abc_shareactionprovider_share_with
com.karumi.dexter.R$styleable: int AppCompatTheme_actionBarPopupTheme
com.google.android.gms.internal.ads.zzfjj: com.google.android.gms.internal.ads.zzfjj zzi
com.karumi.dexter.R$id: int customPanel
com.karumi.dexter.listener.multi.DialogOnAnyDeniedMultiplePermissionsListener: com.karumi.dexter.listener.OnDialogButtonClickListener access$000(com.karumi.dexter.listener.multi.DialogOnAnyDeniedMultiplePermissionsListener)
com.karumi.dexter.R$styleable: int FloatingActionButton_rippleColor
com.karumi.dexter.listener.multi.DialogOnAnyDeniedMultiplePermissionsListener$Builder: android.content.Context context
androidx.core.view.ViewCompat$Api21Impl: boolean dispatchNestedFling(android.view.View,float,float,boolean)
androidx.constraintlayout.solver.widgets.analyzer.WidgetRun$RunType: androidx.constraintlayout.solver.widgets.analyzer.WidgetRun$RunType[] values()
com.facebook.ads.S2SRewardedVideoAdListener: void onRewardServerSuccess()
com.google.android.material.internal.NavigationMenuView: int getWindowAnimations()
com.karumi.dexter.R$styleable: int RecycleListView_paddingTopNoTitle
com.google.android.gms.internal.ads.zzazz: int zze
com.karumi.dexter.R$integer: int show_password_duration
com.karumi.dexter.listener.multi.SnackbarOnAnyDeniedMultiplePermissionsListener: java.lang.String buttonText
com.karumi.dexter.PermissionRationaleToken: com.karumi.dexter.DexterInstance dexterInstance
com.karumi.dexter.R$color: int mtrl_btn_stroke_color_selector
com.facebook.ads.NativeAdBase$NativeComponentTag: NativeAdBase$NativeComponentTag(java.lang.String,int)
com.google.android.gms.internal.measurement.zzfy: com.google.android.gms.internal.measurement.zzgb zzT
com.google.android.material.transformation.ExpandableTransformationBehavior: ExpandableTransformationBehavior(android.content.Context,android.util.AttributeSet)
com.karumi.dexter.R$attr: int paddingEnd
com.facebook.ads.AdSettings
com.facebook.ads.internal.dynamicloading.DynamicLoaderFallback: java.util.WeakHashMap sApiProxyToAdListenersMap
com.facebook.ads.NativeAdsManager: void loadAds()
com.karumi.dexter.R$style: int Base_Animation_AppCompat_Tooltip
com.google.android.material.textview.MaterialTextView
com.facebook.ads.internal.dynamicloading.DynamicLoader: com.facebook.ads.internal.api.NativeAdImageApi createNativeAdImageApi(org.json.JSONObject)
com.facebook.ads.internal.api.AudienceNetworkAdsApi: int NATIVE_BANNER
com.karumi.dexter.R$style: int Widget_AppCompat_Light_DropDownItem_Spinner
com.karumi.dexter.R$layout: int notification_template_custom_big
com.karumi.dexter.R$styleable: int Chip_android_maxWidth
com.karumi.dexter.R$styleable: int BottomSheetBehavior_Layout_backgroundTint
com.karumi.dexter.R$style: int TextAppearance_AppCompat_Widget_ActionBar_Subtitle_Inverse
com.google.android.material.bottomappbar.BottomAppBar: void setSubtitle(java.lang.CharSequence)