app/build/outputs/mapping/release/usage.txt
com.skytek.live.wallpapers.R$animator
com.skytek.live.wallpapers.GLES30WallpaperRenderer:
    private static final java.lang.String TAG
    private static final int BYTES_PER_FLOAT
    private static final int BYTES_PER_INT
com.skytek.live.wallpapers.ModelClasses.ModelClass:
    public void setThumb_path(java.lang.String)
    public void setId(java.lang.String)
    public void setLikes(java.lang.String)
    public void setDownloads(java.lang.String)
com.skytek.live.wallpapers.R$xml
com.skytek.live.wallpapers.Just3D.components.SquareVideoView:
    public void <init>(android.content.Context)
    public void <init>(android.content.Context,android.util.AttributeSet,int)
com.skytek.live.wallpapers.R$style
com.skytek.live.wallpapers.R$styleable
com.skytek.live.wallpapers.BuildConfig
com.skytek.live.wallpapers.R$attr
com.skytek.live.wallpapers.GLWallpaperService$GLWallpaperEngine:
    private static final java.lang.String TAG
com.skytek.live.wallpapers.R
com.skytek.live.wallpapers.Adapters.ParentItemAdapter:
    public void <init>()
com.skytek.live.wallpapers.Just3D.wallpaper.GLWallpaperPreview:
    public void <init>(android.content.Context)
com.skytek.live.wallpapers.R$bool
com.skytek.live.wallpapers.Just3D.async.MyAsync:
    protected void onPostExecute(java.lang.Integer)
    protected synthetic bridge void onPostExecute(java.lang.Object)
    public static final int RESULT_FAIL
    public static final int RESULT_SUCCESS
    public static final int RESULT_TIMEOUT
com.skytek.live.wallpapers.VideoLiveWallpaperoffline$GLWallpaperEngine$GLWallpaperSurfaceView:
    private static final java.lang.String TAG
com.skytek.live.wallpapers.Utils:
    void <init>()
    static android.graphics.Bitmap createVideoThumbnailFromUri(android.content.Context,android.net.Uri)
    private static final java.lang.String TAG
com.skytek.live.wallpapers.Just3D.PreviewActivity:
    private static final java.lang.String TAG
    public static final java.lang.String EXTRA_CATALOG_ITEM
    public static final int PREVIEW_ACTIVITY_REQUEST_CODE
com.skytek.live.wallpapers.GLES20WallpaperRenderer:
    private static final java.lang.String TAG
    private static final int BYTES_PER_FLOAT
    private static final int BYTES_PER_INT
com.skytek.live.wallpapers.GLWallpaperRenderer:
    protected android.content.Context getContext()
    private static final java.lang.String TAG
com.skytek.live.wallpapers.R$interpolator
com.skytek.live.wallpapers.Just3D.services.SyncManager:
    private void showNotification(int)
    private static final java.lang.String TAG
    private static final int NOTIFICATION_ID
    private static final java.lang.String EXTRA_SILENT
    public static final java.lang.String EXTRA_RESULT
    public static final java.lang.String ACTION_SYNC
    public static final int RESULT_SUCCESS
    public static final int RESULT_FAIL
    public static final int RESULT_TIMEOUT
com.skytek.live.wallpapers.Just3D.MainActivity3d:
    private void setShowPreview(com.skytek.live.wallpapers.Just3D.data.CatalogItem)
    android.content.SharedPreferences sharedPreferences5
    public static final java.lang.String EXTRA_DISABLE_NOTIFICATION
com.skytek.live.wallpapers.R$anim
com.skytek.live.wallpapers.MainLauncher:
    public static void copy(android.content.Context,android.net.Uri,java.io.File)
com.skytek.live.wallpapers.Just3D.Utils:
    public void <init>()
    public static int calculateAverageColor(android.graphics.Bitmap,int)
    public static java.lang.String bytes2String(long)
    private static final double SPACE_KB
    private static final double SPACE_MB
    private static final double SPACE_GB
    private static final double SPACE_TB
com.skytek.live.wallpapers.ModelClasses.ParentItem:
    public void setParentItemTitle(java.lang.String)
    public void setChildItemList(java.util.List)
    public void setId(java.lang.String)
com.skytek.live.wallpapers.R$id
com.skytek.live.wallpapers.R$raw
...
com.google.android.gms.ads.nativead.zza
com.bumptech.glide.util.Executors:
    public static java.util.concurrent.Executor mainThreadExecutor()
    public static java.util.concurrent.Executor directExecutor()
com.google.android.datatransport.cct.internal.AutoValue_LogRequest$Builder
androidx.appcompat.view.menu.BaseMenuWrapper:
    public final void internalClear()
    public final void internalRemoveGroup(int)
    public final void internalRemoveItem(int)
com.google.android.datatransport.runtime.ExecutionModule
com.google.android.gms.internal.ads.zzbal
androidx.appcompat.view.ActionBarPolicy
com.google.android.gms.internal.ads.zzdfo:
    public static com.google.android.gms.internal.ads.zzdfo zza()
com.google.gson.Gson$1:
    public java.lang.Double read(com.google.gson.stream.JsonReader)
    public void write(com.google.gson.stream.JsonWriter,java.lang.Number)
    public final synthetic com.google.gson.Gson this$0
androidx.recyclerview.widget.AdapterHelper$UpdateOp:
    public java.lang.String cmdToString()
com.google.android.datatransport.runtime.scheduling.jobscheduling.WorkInitializer:
    private synthetic void lambda$ensureContextsScheduled$1()
    private synthetic java.lang.Object lambda$ensureContextsScheduled$0()
    public void ensureContextsScheduled()
    public synthetic java.lang.Object lambda$ensureContextsScheduled$0$WorkInitializer()
    public synthetic void lambda$ensureContextsScheduled$1$WorkInitializer()
com.google.android.gms.internal.ads.zzczo:
    public final com.google.android.gms.internal.ads.zzgln zzb
com.google.android.exoplayer2.source.ExtractorMediaPeriod$Listener:
    public abstract void onSourceInfoRefreshed(long,boolean)
com.google.android.gms.internal.ads.zzflu
androidx.room.SQLiteCopyOpenHelper:
    public void <init>(android.content.Context,java.lang.String,java.io.File,int,androidx.sqlite.db.SupportSQLiteOpenHelper)
    public void setDatabaseConfiguration(androidx.room.DatabaseConfiguration)
kotlin.coroutines.CoroutineContext$DefaultImpls
com.google.android.gms.internal.ads.zzbjf:
    public static final android.content.SharedPreferences zza(android.content.Context)
androidx.appcompat.widget.ListPopupWindow:
    public void <init>(android.content.Context)
    public void <init>(android.content.Context,android.util.AttributeSet,int)
    public final void removePromptView()
    public final int buildDropDown()
    public final void setPopupClipToScreenEnabled(boolean)
    public final int getMaxAvailableHeight(android.view.View,int,boolean)
    public void setPromptPosition(int)
    public boolean isModal()
    public void setAnimationStyle(int)
    public android.view.View getAnchorView()
    public void setAnchorView(android.view.View)
    public void setEpicenterBounds(android.graphics.Rect)
    public void setDropDownGravity(int)
    public int getWidth()
    public void setWidth(int)
    public void setOnItemClickListener(android.widget.AdapterView$OnItemClickListener)
    public void setOnDismissListener(android.widget.PopupWindow$OnDismissListener)
    public void setInputMethodMode(int)
    public void setSelection(int)
    public void clearListSelection()
    public boolean isInputMethodNotNeeded()
    public java.lang.Object getSelectedItem()
    public int getSelectedItemPosition()
    public long getSelectedItemId()
    public android.view.View getSelectedView()
    public void setOverlapAnchor(boolean)
    public boolean mDropDownAlwaysVisible
    public boolean mForceIgnoreOutsideTouch
    public android.view.View mPromptView
    public android.graphics.drawable.Drawable mDropDownListHighlight
com.google.android.gms.internal.ads.zzfil
androidx.recyclerview.widget.StaggeredGridLayoutManager$LayoutParams:
    public boolean isFullSpan()
    public final int getSpanIndex()
    public boolean mFullSpan
com.google.android.gms.internal.ads.zzagc
com.google.android.gms.internal.ads.zziy:
    public static final com.google.android.gms.internal.ads.zzagk zzb